Determining if the pthread_create exist failed with the following output:
Change Dir: /home/ihier/proj/c/jaeger-client-c/build/CMakeFiles/CMakeTmp

Run Build Command:"/usr/bin/make" "cmTC_460ff/fast"
/usr/bin/make -f CMakeFiles/cmTC_460ff.dir/build.make CMakeFiles/cmTC_460ff.dir/build
make[1]: Entering directory '/home/ihier/proj/c/jaeger-client-c/build/CMakeFiles/CMakeTmp'
Building C object CMakeFiles/cmTC_460ff.dir/CheckSymbolExists.c.o
/usr/bin/cc   -fPIE   -std=gnu99 -o CMakeFiles/cmTC_460ff.dir/CheckSymbolExists.c.o   -c /home/ihier/proj/c/jaeger-client-c/build/CMakeFiles/CMakeTmp/CheckSymbolExists.c
Linking C executable cmTC_460ff
/usr/bin/cmake -E cmake_link_script CMakeFiles/cmTC_460ff.dir/link.txt --verbose=1
/usr/bin/cc      CMakeFiles/cmTC_460ff.dir/CheckSymbolExists.c.o  -o cmTC_460ff 
CMakeFiles/cmTC_460ff.dir/CheckSymbolExists.c.o: In function `main':
CheckSymbolExists.c:(.text+0x1b): undefined reference to `pthread_create'
collect2: error: ld returned 1 exit status
make[1]: *** [CMakeFiles/cmTC_460ff.dir/build.make:87: cmTC_460ff] Error 1
make[1]: Leaving directory '/home/ihier/proj/c/jaeger-client-c/build/CMakeFiles/CMakeTmp'
make: *** [Makefile:126: cmTC_460ff/fast] Error 2

File /home/ihier/proj/c/jaeger-client-c/build/CMakeFiles/CMakeTmp/CheckSymbolExists.c:
/* */
#include <pthread.h>

int main(int argc, char** argv)
{
  (void)argv;
#ifndef pthread_create
  return ((int*)(&pthread_create))[argc];
#else
  (void)argc;
  return 0;
#endif
}

Determining if the function pthread_create exists in the pthreads failed with the following output:
Change Dir: /home/ihier/proj/c/jaeger-client-c/build/CMakeFiles/CMakeTmp

Run Build Command:"/usr/bin/make" "cmTC_25367/fast"
/usr/bin/make -f CMakeFiles/cmTC_25367.dir/build.make CMakeFiles/cmTC_25367.dir/build
make[1]: Entering directory '/home/ihier/proj/c/jaeger-client-c/build/CMakeFiles/CMakeTmp'
Building C object CMakeFiles/cmTC_25367.dir/CheckFunctionExists.c.o
/usr/bin/cc   -DCHECK_FUNCTION_EXISTS=pthread_create -fPIE   -std=gnu99 -o CMakeFiles/cmTC_25367.dir/CheckFunctionExists.c.o   -c /usr/share/cmake-3.11/Modules/CheckFunctionExists.c
Linking C executable cmTC_25367
/usr/bin/cmake -E cmake_link_script CMakeFiles/cmTC_25367.dir/link.txt --verbose=1
/usr/bin/cc  -DCHECK_FUNCTION_EXISTS=pthread_create    CMakeFiles/cmTC_25367.dir/CheckFunctionExists.c.o  -o cmTC_25367 -lpthreads 
/usr/bin/ld: cannot find -lpthreads
collect2: error: ld returned 1 exit status
make[1]: *** [CMakeFiles/cmTC_25367.dir/build.make:87: cmTC_25367] Error 1
make[1]: Leaving directory '/home/ihier/proj/c/jaeger-client-c/build/CMakeFiles/CMakeTmp'
make: *** [Makefile:126: cmTC_25367/fast] Error 2


