The system is: Linux - 4.16.0-1-amd64 - x86_64
Compiling the C compiler identification source file "CMakeCCompilerId.c" succeeded.
Compiler: /usr/bin/cc 
Build flags: 
Id flags:  

The output was:
0


Compilation of the C compiler identification source "CMakeCCompilerId.c" produced "a.out"

The C compiler identification is GNU, found in "/home/ihier/proj/c/jaeger-client-c/build/CMakeFiles/3.11.2/CompilerIdC/a.out"

Compiling the CXX compiler identification source file "CMakeCXXCompilerId.cpp" succeeded.
Compiler: /usr/bin/c++ 
Build flags: 
Id flags:  

The output was:
0


Compilation of the CXX compiler identification source "CMakeCXXCompilerId.cpp" produced "a.out"

The CXX compiler identification is GNU, found in "/home/ihier/proj/c/jaeger-client-c/build/CMakeFiles/3.11.2/CompilerIdCXX/a.out"

Determining if the C compiler works passed with the following output:
Change Dir: /home/ihier/proj/c/jaeger-client-c/build/CMakeFiles/CMakeTmp

Run Build Command:"/usr/bin/make" "cmTC_6caa8/fast"
/usr/bin/make -f CMakeFiles/cmTC_6caa8.dir/build.make CMakeFiles/cmTC_6caa8.dir/build
make[1]: Entering directory '/home/ihier/proj/c/jaeger-client-c/build/CMakeFiles/CMakeTmp'
Building C object CMakeFiles/cmTC_6caa8.dir/testCCompiler.c.o
/usr/bin/cc   -fPIE   -std=gnu99 -o CMakeFiles/cmTC_6caa8.dir/testCCompiler.c.o   -c /home/ihier/proj/c/jaeger-client-c/build/CMakeFiles/CMakeTmp/testCCompiler.c
Linking C executable cmTC_6caa8
/usr/bin/cmake -E cmake_link_script CMakeFiles/cmTC_6caa8.dir/link.txt --verbose=1
/usr/bin/cc      CMakeFiles/cmTC_6caa8.dir/testCCompiler.c.o  -o cmTC_6caa8 
make[1]: Leaving directory '/home/ihier/proj/c/jaeger-client-c/build/CMakeFiles/CMakeTmp'


Detecting C compiler ABI info compiled with the following output:
Change Dir: /home/ihier/proj/c/jaeger-client-c/build/CMakeFiles/CMakeTmp

Run Build Command:"/usr/bin/make" "cmTC_93cf0/fast"
/usr/bin/make -f CMakeFiles/cmTC_93cf0.dir/build.make CMakeFiles/cmTC_93cf0.dir/build
make[1]: Entering directory '/home/ihier/proj/c/jaeger-client-c/build/CMakeFiles/CMakeTmp'
Building C object CMakeFiles/cmTC_93cf0.dir/CMakeCCompilerABI.c.o
/usr/bin/cc   -fPIE   -std=gnu99 -o CMakeFiles/cmTC_93cf0.dir/CMakeCCompilerABI.c.o   -c /usr/share/cmake-3.11/Modules/CMakeCCompilerABI.c
Linking C executable cmTC_93cf0
/usr/bin/cmake -E cmake_link_script CMakeFiles/cmTC_93cf0.dir/link.txt --verbose=1
/usr/bin/cc     -v CMakeFiles/cmTC_93cf0.dir/CMakeCCompilerABI.c.o  -o cmTC_93cf0 
Using built-in specs.
COLLECT_GCC=/usr/bin/cc
COLLECT_LTO_WRAPPER=/usr/lib/gcc/x86_64-linux-gnu/7/lto-wrapper
OFFLOAD_TARGET_NAMES=nvptx-none
OFFLOAD_TARGET_DEFAULT=1
Target: x86_64-linux-gnu
Configured with: ../src/configure -v --with-pkgversion='Debian 7.3.0-19' --with-bugurl=file:///usr/share/doc/gcc-7/README.Bugs --enable-languages=c,ada,c++,go,brig,d,fortran,objc,obj-c++ --prefix=/usr --with-gcc-major-version-only --program-suffix=-7 --program-prefix=x86_64-linux-gnu- --enable-shared --enable-linker-build-id --libexecdir=/usr/lib --without-included-gettext --enable-threads=posix --libdir=/usr/lib --enable-nls --with-sysroot=/ --enable-clocale=gnu --enable-libstdcxx-debug --enable-libstdcxx-time=yes --with-default-libstdcxx-abi=new --enable-gnu-unique-object --disable-vtable-verify --enable-libmpx --enable-plugin --enable-default-pie --with-system-zlib --with-target-system-zlib --enable-objc-gc=auto --enable-multiarch --disable-werror --with-arch-32=i686 --with-abi=m64 --with-multilib-list=m32,m64,mx32 --enable-multilib --with-tune=generic --enable-offload-targets=nvptx-none --without-cuda-driver --enable-checking=release --build=x86_64-linux-gnu --host=x86_64-linux-gnu --target=x86_64-linux-gnu
Thread model: posix
gcc version 7.3.0 (Debian 7.3.0-19) 
COMPILER_PATH=/usr/lib/gcc/x86_64-linux-gnu/7/:/usr/lib/gcc/x86_64-linux-gnu/7/:/usr/lib/gcc/x86_64-linux-gnu/:/usr/lib/gcc/x86_64-linux-gnu/7/:/usr/lib/gcc/x86_64-linux-gnu/
LIBRARY_PATH=/usr/lib/gcc/x86_64-linux-gnu/7/:/usr/lib/gcc/x86_64-linux-gnu/7/../../../x86_64-linux-gnu/:/usr/lib/gcc/x86_64-linux-gnu/7/../../../../lib/:/lib/x86_64-linux-gnu/:/lib/../lib/:/usr/lib/x86_64-linux-gnu/:/usr/lib/../lib/:/usr/lib/gcc/x86_64-linux-gnu/7/../../../:/lib/:/usr/lib/
COLLECT_GCC_OPTIONS='-v' '-o' 'cmTC_93cf0' '-mtune=generic' '-march=x86-64'
 /usr/lib/gcc/x86_64-linux-gnu/7/collect2 -plugin /usr/lib/gcc/x86_64-linux-gnu/7/liblto_plugin.so -plugin-opt=/usr/lib/gcc/x86_64-linux-gnu/7/lto-wrapper -plugin-opt=-fresolution=/tmp/ccq2fbHA.res -plugin-opt=-pass-through=-lgcc -plugin-opt=-pass-through=-lgcc_s -plugin-opt=-pass-through=-lc -plugin-opt=-pass-through=-lgcc -plugin-opt=-pass-through=-lgcc_s --sysroot=/ --build-id --eh-frame-hdr -m elf_x86_64 --hash-style=gnu -dynamic-linker /lib64/ld-linux-x86-64.so.2 -pie -o cmTC_93cf0 /usr/lib/gcc/x86_64-linux-gnu/7/../../../x86_64-linux-gnu/Scrt1.o /usr/lib/gcc/x86_64-linux-gnu/7/../../../x86_64-linux-gnu/crti.o /usr/lib/gcc/x86_64-linux-gnu/7/crtbeginS.o -L/usr/lib/gcc/x86_64-linux-gnu/7 -L/usr/lib/gcc/x86_64-linux-gnu/7/../../../x86_64-linux-gnu -L/usr/lib/gcc/x86_64-linux-gnu/7/../../../../lib -L/lib/x86_64-linux-gnu -L/lib/../lib -L/usr/lib/x86_64-linux-gnu -L/usr/lib/../lib -L/usr/lib/gcc/x86_64-linux-gnu/7/../../.. CMakeFiles/cmTC_93cf0.dir/CMakeCCompilerABI.c.o -lgcc --push-state --as-needed -lgcc_s --pop-state -lc -lgcc --push-state --as-needed -lgcc_s --pop-state /usr/lib/gcc/x86_64-linux-gnu/7/crtendS.o /usr/lib/gcc/x86_64-linux-gnu/7/../../../x86_64-linux-gnu/crtn.o
COLLECT_GCC_OPTIONS='-v' '-o' 'cmTC_93cf0' '-mtune=generic' '-march=x86-64'
make[1]: Leaving directory '/home/ihier/proj/c/jaeger-client-c/build/CMakeFiles/CMakeTmp'


Parsed C implicit link information from above output:
  link line regex: [^( *|.*[/\])(ld|CMAKE_LINK_STARTFILE-NOTFOUND|([^/\]+-)?ld|collect2)[^/\]*( |$)]
  ignore line: [Change Dir: /home/ihier/proj/c/jaeger-client-c/build/CMakeFiles/CMakeTmp]
  ignore line: []
  ignore line: [Run Build Command:"/usr/bin/make" "cmTC_93cf0/fast"]
  ignore line: [/usr/bin/make -f CMakeFiles/cmTC_93cf0.dir/build.make CMakeFiles/cmTC_93cf0.dir/build]
  ignore line: [make[1]: Entering directory '/home/ihier/proj/c/jaeger-client-c/build/CMakeFiles/CMakeTmp']
  ignore line: [Building C object CMakeFiles/cmTC_93cf0.dir/CMakeCCompilerABI.c.o]
  ignore line: [/usr/bin/cc   -fPIE   -std=gnu99 -o CMakeFiles/cmTC_93cf0.dir/CMakeCCompilerABI.c.o   -c /usr/share/cmake-3.11/Modules/CMakeCCompilerABI.c]
  ignore line: [Linking C executable cmTC_93cf0]
  ignore line: [/usr/bin/cmake -E cmake_link_script CMakeFiles/cmTC_93cf0.dir/link.txt --verbose=1]
  ignore line: [/usr/bin/cc     -v CMakeFiles/cmTC_93cf0.dir/CMakeCCompilerABI.c.o  -o cmTC_93cf0 ]
  ignore line: [Using built-in specs.]
  ignore line: [COLLECT_GCC=/usr/bin/cc]
  ignore line: [COLLECT_LTO_WRAPPER=/usr/lib/gcc/x86_64-linux-gnu/7/lto-wrapper]
  ignore line: [OFFLOAD_TARGET_NAMES=nvptx-none]
  ignore line: [OFFLOAD_TARGET_DEFAULT=1]
  ignore line: [Target: x86_64-linux-gnu]
  ignore line: [Configured with: ../src/configure -v --with-pkgversion='Debian 7.3.0-19' --with-bugurl=file:///usr/share/doc/gcc-7/README.Bugs --enable-languages=c,ada,c++,go,brig,d,fortran,objc,obj-c++ --prefix=/usr --with-gcc-major-version-only --program-suffix=-7 --program-prefix=x86_64-linux-gnu- --enable-shared --enable-linker-build-id --libexecdir=/usr/lib --without-included-gettext --enable-threads=posix --libdir=/usr/lib --enable-nls --with-sysroot=/ --enable-clocale=gnu --enable-libstdcxx-debug --enable-libstdcxx-time=yes --with-default-libstdcxx-abi=new --enable-gnu-unique-object --disable-vtable-verify --enable-libmpx --enable-plugin --enable-default-pie --with-system-zlib --with-target-system-zlib --enable-objc-gc=auto --enable-multiarch --disable-werror --with-arch-32=i686 --with-abi=m64 --with-multilib-list=m32,m64,mx32 --enable-multilib --with-tune=generic --enable-offload-targets=nvptx-none --without-cuda-driver --enable-checking=release --build=x86_64-linux-gnu --host=x86_64-linux-gnu --target=x86_64-linux-gnu]
  ignore line: [Thread model: posix]
  ignore line: [gcc version 7.3.0 (Debian 7.3.0-19) ]
  ignore line: [COMPILER_PATH=/usr/lib/gcc/x86_64-linux-gnu/7/:/usr/lib/gcc/x86_64-linux-gnu/7/:/usr/lib/gcc/x86_64-linux-gnu/:/usr/lib/gcc/x86_64-linux-gnu/7/:/usr/lib/gcc/x86_64-linux-gnu/]
  ignore line: [LIBRARY_PATH=/usr/lib/gcc/x86_64-linux-gnu/7/:/usr/lib/gcc/x86_64-linux-gnu/7/../../../x86_64-linux-gnu/:/usr/lib/gcc/x86_64-linux-gnu/7/../../../../lib/:/lib/x86_64-linux-gnu/:/lib/../lib/:/usr/lib/x86_64-linux-gnu/:/usr/lib/../lib/:/usr/lib/gcc/x86_64-linux-gnu/7/../../../:/lib/:/usr/lib/]
  ignore line: [COLLECT_GCC_OPTIONS='-v' '-o' 'cmTC_93cf0' '-mtune=generic' '-march=x86-64']
  link line: [ /usr/lib/gcc/x86_64-linux-gnu/7/collect2 -plugin /usr/lib/gcc/x86_64-linux-gnu/7/liblto_plugin.so -plugin-opt=/usr/lib/gcc/x86_64-linux-gnu/7/lto-wrapper -plugin-opt=-fresolution=/tmp/ccq2fbHA.res -plugin-opt=-pass-through=-lgcc -plugin-opt=-pass-through=-lgcc_s -plugin-opt=-pass-through=-lc -plugin-opt=-pass-through=-lgcc -plugin-opt=-pass-through=-lgcc_s --sysroot=/ --build-id --eh-frame-hdr -m elf_x86_64 --hash-style=gnu -dynamic-linker /lib64/ld-linux-x86-64.so.2 -pie -o cmTC_93cf0 /usr/lib/gcc/x86_64-linux-gnu/7/../../../x86_64-linux-gnu/Scrt1.o /usr/lib/gcc/x86_64-linux-gnu/7/../../../x86_64-linux-gnu/crti.o /usr/lib/gcc/x86_64-linux-gnu/7/crtbeginS.o -L/usr/lib/gcc/x86_64-linux-gnu/7 -L/usr/lib/gcc/x86_64-linux-gnu/7/../../../x86_64-linux-gnu -L/usr/lib/gcc/x86_64-linux-gnu/7/../../../../lib -L/lib/x86_64-linux-gnu -L/lib/../lib -L/usr/lib/x86_64-linux-gnu -L/usr/lib/../lib -L/usr/lib/gcc/x86_64-linux-gnu/7/../../.. CMakeFiles/cmTC_93cf0.dir/CMakeCCompilerABI.c.o -lgcc --push-state --as-needed -lgcc_s --pop-state -lc -lgcc --push-state --as-needed -lgcc_s --pop-state /usr/lib/gcc/x86_64-linux-gnu/7/crtendS.o /usr/lib/gcc/x86_64-linux-gnu/7/../../../x86_64-linux-gnu/crtn.o]
    arg [/usr/lib/gcc/x86_64-linux-gnu/7/collect2] ==> ignore
    arg [-plugin] ==> ignore
    arg [/usr/lib/gcc/x86_64-linux-gnu/7/liblto_plugin.so] ==> ignore
    arg [-plugin-opt=/usr/lib/gcc/x86_64-linux-gnu/7/lto-wrapper] ==> ignore
    arg [-plugin-opt=-fresolution=/tmp/ccq2fbHA.res] ==> ignore
    arg [-plugin-opt=-pass-through=-lgcc] ==> ignore
    arg [-plugin-opt=-pass-through=-lgcc_s] ==> ignore
    arg [-plugin-opt=-pass-through=-lc] ==> ignore
    arg [-plugin-opt=-pass-through=-lgcc] ==> ignore
    arg [-plugin-opt=-pass-through=-lgcc_s] ==> ignore
    arg [--sysroot=/] ==> ignore
    arg [--build-id] ==> ignore
    arg [--eh-frame-hdr] ==> ignore
    arg [-m] ==> ignore
    arg [elf_x86_64] ==> ignore
    arg [--hash-style=gnu] ==> ignore
    arg [-dynamic-linker] ==> ignore
    arg [/lib64/ld-linux-x86-64.so.2] ==> ignore
    arg [-pie] ==> ignore
    arg [-o] ==> ignore
    arg [cmTC_93cf0] ==> ignore
    arg [/usr/lib/gcc/x86_64-linux-gnu/7/../../../x86_64-linux-gnu/Scrt1.o] ==> ignore
    arg [/usr/lib/gcc/x86_64-linux-gnu/7/../../../x86_64-linux-gnu/crti.o] ==> ignore
    arg [/usr/lib/gcc/x86_64-linux-gnu/7/crtbeginS.o] ==> ignore
    arg [-L/usr/lib/gcc/x86_64-linux-gnu/7] ==> dir [/usr/lib/gcc/x86_64-linux-gnu/7]
    arg [-L/usr/lib/gcc/x86_64-linux-gnu/7/../../../x86_64-linux-gnu] ==> dir [/usr/lib/gcc/x86_64-linux-gnu/7/../../../x86_64-linux-gnu]
    arg [-L/usr/lib/gcc/x86_64-linux-gnu/7/../../../../lib] ==> dir [/usr/lib/gcc/x86_64-linux-gnu/7/../../../../lib]
    arg [-L/lib/x86_64-linux-gnu] ==> dir [/lib/x86_64-linux-gnu]
    arg [-L/lib/../lib] ==> dir [/lib/../lib]
    arg [-L/usr/lib/x86_64-linux-gnu] ==> dir [/usr/lib/x86_64-linux-gnu]
    arg [-L/usr/lib/../lib] ==> dir [/usr/lib/../lib]
    arg [-L/usr/lib/gcc/x86_64-linux-gnu/7/../../..] ==> dir [/usr/lib/gcc/x86_64-linux-gnu/7/../../..]
    arg [CMakeFiles/cmTC_93cf0.dir/CMakeCCompilerABI.c.o] ==> ignore
    arg [-lgcc] ==> lib [gcc]
    arg [--push-state] ==> ignore
    arg [--as-needed] ==> ignore
    arg [-lgcc_s] ==> lib [gcc_s]
    arg [--pop-state] ==> ignore
    arg [-lc] ==> lib [c]
    arg [-lgcc] ==> lib [gcc]
    arg [--push-state] ==> ignore
    arg [--as-needed] ==> ignore
    arg [-lgcc_s] ==> lib [gcc_s]
    arg [--pop-state] ==> ignore
    arg [/usr/lib/gcc/x86_64-linux-gnu/7/crtendS.o] ==> ignore
    arg [/usr/lib/gcc/x86_64-linux-gnu/7/../../../x86_64-linux-gnu/crtn.o] ==> ignore
  collapse library dir [/usr/lib/gcc/x86_64-linux-gnu/7] ==> [/usr/lib/gcc/x86_64-linux-gnu/7]
  collapse library dir [/usr/lib/gcc/x86_64-linux-gnu/7/../../../x86_64-linux-gnu] ==> [/usr/lib/x86_64-linux-gnu]
  collapse library dir [/usr/lib/gcc/x86_64-linux-gnu/7/../../../../lib] ==> [/usr/lib]
  collapse library dir [/lib/x86_64-linux-gnu] ==> [/lib/x86_64-linux-gnu]
  collapse library dir [/lib/../lib] ==> [/lib]
  collapse library dir [/usr/lib/x86_64-linux-gnu] ==> [/usr/lib/x86_64-linux-gnu]
  collapse library dir [/usr/lib/../lib] ==> [/usr/lib]
  collapse library dir [/usr/lib/gcc/x86_64-linux-gnu/7/../../..] ==> [/usr/lib]
  implicit libs: [gcc;gcc_s;c;gcc;gcc_s]
  implicit dirs: [/usr/lib/gcc/x86_64-linux-gnu/7;/usr/lib/x86_64-linux-gnu;/usr/lib;/lib/x86_64-linux-gnu;/lib]
  implicit fwks: []




Detecting C [-std=c11] compiler features compiled with the following output:
Change Dir: /home/ihier/proj/c/jaeger-client-c/build/CMakeFiles/CMakeTmp

Run Build Command:"/usr/bin/make" "cmTC_0fc61/fast"
/usr/bin/make -f CMakeFiles/cmTC_0fc61.dir/build.make CMakeFiles/cmTC_0fc61.dir/build
make[1]: Entering directory '/home/ihier/proj/c/jaeger-client-c/build/CMakeFiles/CMakeTmp'
Building C object CMakeFiles/cmTC_0fc61.dir/feature_tests.c.o
/usr/bin/cc   -fPIE   -std=c11 -std=gnu99 -o CMakeFiles/cmTC_0fc61.dir/feature_tests.c.o   -c /home/ihier/proj/c/jaeger-client-c/build/CMakeFiles/feature_tests.c
Linking C executable cmTC_0fc61
/usr/bin/cmake -E cmake_link_script CMakeFiles/cmTC_0fc61.dir/link.txt --verbose=1
/usr/bin/cc      CMakeFiles/cmTC_0fc61.dir/feature_tests.c.o  -o cmTC_0fc61 
make[1]: Leaving directory '/home/ihier/proj/c/jaeger-client-c/build/CMakeFiles/CMakeTmp'


    Feature record: C_FEATURE:1c_function_prototypes
    Feature record: C_FEATURE:1c_restrict
    Feature record: C_FEATURE:0c_static_assert
    Feature record: C_FEATURE:1c_variadic_macros


Detecting C [-std=c99] compiler features compiled with the following output:
Change Dir: /home/ihier/proj/c/jaeger-client-c/build/CMakeFiles/CMakeTmp

Run Build Command:"/usr/bin/make" "cmTC_668ef/fast"
/usr/bin/make -f CMakeFiles/cmTC_668ef.dir/build.make CMakeFiles/cmTC_668ef.dir/build
make[1]: Entering directory '/home/ihier/proj/c/jaeger-client-c/build/CMakeFiles/CMakeTmp'
Building C object CMakeFiles/cmTC_668ef.dir/feature_tests.c.o
/usr/bin/cc   -fPIE   -std=c99 -std=gnu99 -o CMakeFiles/cmTC_668ef.dir/feature_tests.c.o   -c /home/ihier/proj/c/jaeger-client-c/build/CMakeFiles/feature_tests.c
Linking C executable cmTC_668ef
/usr/bin/cmake -E cmake_link_script CMakeFiles/cmTC_668ef.dir/link.txt --verbose=1
/usr/bin/cc      CMakeFiles/cmTC_668ef.dir/feature_tests.c.o  -o cmTC_668ef 
make[1]: Leaving directory '/home/ihier/proj/c/jaeger-client-c/build/CMakeFiles/CMakeTmp'


    Feature record: C_FEATURE:1c_function_prototypes
    Feature record: C_FEATURE:1c_restrict
    Feature record: C_FEATURE:0c_static_assert
    Feature record: C_FEATURE:1c_variadic_macros


Detecting C [-std=c90] compiler features compiled with the following output:
Change Dir: /home/ihier/proj/c/jaeger-client-c/build/CMakeFiles/CMakeTmp

Run Build Command:"/usr/bin/make" "cmTC_64bfa/fast"
/usr/bin/make -f CMakeFiles/cmTC_64bfa.dir/build.make CMakeFiles/cmTC_64bfa.dir/build
make[1]: Entering directory '/home/ihier/proj/c/jaeger-client-c/build/CMakeFiles/CMakeTmp'
Building C object CMakeFiles/cmTC_64bfa.dir/feature_tests.c.o
/usr/bin/cc   -fPIE   -std=c90 -std=gnu99 -o CMakeFiles/cmTC_64bfa.dir/feature_tests.c.o   -c /home/ihier/proj/c/jaeger-client-c/build/CMakeFiles/feature_tests.c
Linking C executable cmTC_64bfa
/usr/bin/cmake -E cmake_link_script CMakeFiles/cmTC_64bfa.dir/link.txt --verbose=1
/usr/bin/cc      CMakeFiles/cmTC_64bfa.dir/feature_tests.c.o  -o cmTC_64bfa 
make[1]: Leaving directory '/home/ihier/proj/c/jaeger-client-c/build/CMakeFiles/CMakeTmp'


    Feature record: C_FEATURE:1c_function_prototypes
    Feature record: C_FEATURE:1c_restrict
    Feature record: C_FEATURE:0c_static_assert
    Feature record: C_FEATURE:1c_variadic_macros
Determining if the CXX compiler works passed with the following output:
Change Dir: /home/ihier/proj/c/jaeger-client-c/build/CMakeFiles/CMakeTmp

Run Build Command:"/usr/bin/make" "cmTC_c0fe2/fast"
/usr/bin/make -f CMakeFiles/cmTC_c0fe2.dir/build.make CMakeFiles/cmTC_c0fe2.dir/build
make[1]: Entering directory '/home/ihier/proj/c/jaeger-client-c/build/CMakeFiles/CMakeTmp'
Building CXX object CMakeFiles/cmTC_c0fe2.dir/testCXXCompiler.cxx.o
/usr/bin/c++    -fPIE   -o CMakeFiles/cmTC_c0fe2.dir/testCXXCompiler.cxx.o -c /home/ihier/proj/c/jaeger-client-c/build/CMakeFiles/CMakeTmp/testCXXCompiler.cxx
Linking CXX executable cmTC_c0fe2
/usr/bin/cmake -E cmake_link_script CMakeFiles/cmTC_c0fe2.dir/link.txt --verbose=1
/usr/bin/c++       CMakeFiles/cmTC_c0fe2.dir/testCXXCompiler.cxx.o  -o cmTC_c0fe2 
make[1]: Leaving directory '/home/ihier/proj/c/jaeger-client-c/build/CMakeFiles/CMakeTmp'


Detecting CXX compiler ABI info compiled with the following output:
Change Dir: /home/ihier/proj/c/jaeger-client-c/build/CMakeFiles/CMakeTmp

Run Build Command:"/usr/bin/make" "cmTC_89730/fast"
/usr/bin/make -f CMakeFiles/cmTC_89730.dir/build.make CMakeFiles/cmTC_89730.dir/build
make[1]: Entering directory '/home/ihier/proj/c/jaeger-client-c/build/CMakeFiles/CMakeTmp'
Building CXX object CMakeFiles/cmTC_89730.dir/CMakeCXXCompilerABI.cpp.o
/usr/bin/c++    -fPIE   -o CMakeFiles/cmTC_89730.dir/CMakeCXXCompilerABI.cpp.o -c /usr/share/cmake-3.11/Modules/CMakeCXXCompilerABI.cpp
Linking CXX executable cmTC_89730
/usr/bin/cmake -E cmake_link_script CMakeFiles/cmTC_89730.dir/link.txt --verbose=1
/usr/bin/c++      -v CMakeFiles/cmTC_89730.dir/CMakeCXXCompilerABI.cpp.o  -o cmTC_89730 
Using built-in specs.
COLLECT_GCC=/usr/bin/c++
COLLECT_LTO_WRAPPER=/usr/lib/gcc/x86_64-linux-gnu/7/lto-wrapper
OFFLOAD_TARGET_NAMES=nvptx-none
OFFLOAD_TARGET_DEFAULT=1
Target: x86_64-linux-gnu
Configured with: ../src/configure -v --with-pkgversion='Debian 7.3.0-19' --with-bugurl=file:///usr/share/doc/gcc-7/README.Bugs --enable-languages=c,ada,c++,go,brig,d,fortran,objc,obj-c++ --prefix=/usr --with-gcc-major-version-only --program-suffix=-7 --program-prefix=x86_64-linux-gnu- --enable-shared --enable-linker-build-id --libexecdir=/usr/lib --without-included-gettext --enable-threads=posix --libdir=/usr/lib --enable-nls --with-sysroot=/ --enable-clocale=gnu --enable-libstdcxx-debug --enable-libstdcxx-time=yes --with-default-libstdcxx-abi=new --enable-gnu-unique-object --disable-vtable-verify --enable-libmpx --enable-plugin --enable-default-pie --with-system-zlib --with-target-system-zlib --enable-objc-gc=auto --enable-multiarch --disable-werror --with-arch-32=i686 --with-abi=m64 --with-multilib-list=m32,m64,mx32 --enable-multilib --with-tune=generic --enable-offload-targets=nvptx-none --without-cuda-driver --enable-checking=release --build=x86_64-linux-gnu --host=x86_64-linux-gnu --target=x86_64-linux-gnu
Thread model: posix
gcc version 7.3.0 (Debian 7.3.0-19) 
COMPILER_PATH=/usr/lib/gcc/x86_64-linux-gnu/7/:/usr/lib/gcc/x86_64-linux-gnu/7/:/usr/lib/gcc/x86_64-linux-gnu/:/usr/lib/gcc/x86_64-linux-gnu/7/:/usr/lib/gcc/x86_64-linux-gnu/
LIBRARY_PATH=/usr/lib/gcc/x86_64-linux-gnu/7/:/usr/lib/gcc/x86_64-linux-gnu/7/../../../x86_64-linux-gnu/:/usr/lib/gcc/x86_64-linux-gnu/7/../../../../lib/:/lib/x86_64-linux-gnu/:/lib/../lib/:/usr/lib/x86_64-linux-gnu/:/usr/lib/../lib/:/usr/lib/gcc/x86_64-linux-gnu/7/../../../:/lib/:/usr/lib/
COLLECT_GCC_OPTIONS='-v' '-o' 'cmTC_89730' '-shared-libgcc' '-mtune=generic' '-march=x86-64'
 /usr/lib/gcc/x86_64-linux-gnu/7/collect2 -plugin /usr/lib/gcc/x86_64-linux-gnu/7/liblto_plugin.so -plugin-opt=/usr/lib/gcc/x86_64-linux-gnu/7/lto-wrapper -plugin-opt=-fresolution=/tmp/ccQuqNDV.res -plugin-opt=-pass-through=-lgcc_s -plugin-opt=-pass-through=-lgcc -plugin-opt=-pass-through=-lc -plugin-opt=-pass-through=-lgcc_s -plugin-opt=-pass-through=-lgcc --sysroot=/ --build-id --eh-frame-hdr -m elf_x86_64 --hash-style=gnu -dynamic-linker /lib64/ld-linux-x86-64.so.2 -pie -o cmTC_89730 /usr/lib/gcc/x86_64-linux-gnu/7/../../../x86_64-linux-gnu/Scrt1.o /usr/lib/gcc/x86_64-linux-gnu/7/../../../x86_64-linux-gnu/crti.o /usr/lib/gcc/x86_64-linux-gnu/7/crtbeginS.o -L/usr/lib/gcc/x86_64-linux-gnu/7 -L/usr/lib/gcc/x86_64-linux-gnu/7/../../../x86_64-linux-gnu -L/usr/lib/gcc/x86_64-linux-gnu/7/../../../../lib -L/lib/x86_64-linux-gnu -L/lib/../lib -L/usr/lib/x86_64-linux-gnu -L/usr/lib/../lib -L/usr/lib/gcc/x86_64-linux-gnu/7/../../.. CMakeFiles/cmTC_89730.dir/CMakeCXXCompilerABI.cpp.o -lstdc++ -lm -lgcc_s -lgcc -lc -lgcc_s -lgcc /usr/lib/gcc/x86_64-linux-gnu/7/crtendS.o /usr/lib/gcc/x86_64-linux-gnu/7/../../../x86_64-linux-gnu/crtn.o
COLLECT_GCC_OPTIONS='-v' '-o' 'cmTC_89730' '-shared-libgcc' '-mtune=generic' '-march=x86-64'
make[1]: Leaving directory '/home/ihier/proj/c/jaeger-client-c/build/CMakeFiles/CMakeTmp'


Parsed CXX implicit link information from above output:
  link line regex: [^( *|.*[/\])(ld|CMAKE_LINK_STARTFILE-NOTFOUND|([^/\]+-)?ld|collect2)[^/\]*( |$)]
  ignore line: [Change Dir: /home/ihier/proj/c/jaeger-client-c/build/CMakeFiles/CMakeTmp]
  ignore line: []
  ignore line: [Run Build Command:"/usr/bin/make" "cmTC_89730/fast"]
  ignore line: [/usr/bin/make -f CMakeFiles/cmTC_89730.dir/build.make CMakeFiles/cmTC_89730.dir/build]
  ignore line: [make[1]: Entering directory '/home/ihier/proj/c/jaeger-client-c/build/CMakeFiles/CMakeTmp']
  ignore line: [Building CXX object CMakeFiles/cmTC_89730.dir/CMakeCXXCompilerABI.cpp.o]
  ignore line: [/usr/bin/c++    -fPIE   -o CMakeFiles/cmTC_89730.dir/CMakeCXXCompilerABI.cpp.o -c /usr/share/cmake-3.11/Modules/CMakeCXXCompilerABI.cpp]
  ignore line: [Linking CXX executable cmTC_89730]
  ignore line: [/usr/bin/cmake -E cmake_link_script CMakeFiles/cmTC_89730.dir/link.txt --verbose=1]
  ignore line: [/usr/bin/c++      -v CMakeFiles/cmTC_89730.dir/CMakeCXXCompilerABI.cpp.o  -o cmTC_89730 ]
  ignore line: [Using built-in specs.]
  ignore line: [COLLECT_GCC=/usr/bin/c++]
  ignore line: [COLLECT_LTO_WRAPPER=/usr/lib/gcc/x86_64-linux-gnu/7/lto-wrapper]
  ignore line: [OFFLOAD_TARGET_NAMES=nvptx-none]
  ignore line: [OFFLOAD_TARGET_DEFAULT=1]
  ignore line: [Target: x86_64-linux-gnu]
  ignore line: [Configured with: ../src/configure -v --with-pkgversion='Debian 7.3.0-19' --with-bugurl=file:///usr/share/doc/gcc-7/README.Bugs --enable-languages=c,ada,c++,go,brig,d,fortran,objc,obj-c++ --prefix=/usr --with-gcc-major-version-only --program-suffix=-7 --program-prefix=x86_64-linux-gnu- --enable-shared --enable-linker-build-id --libexecdir=/usr/lib --without-included-gettext --enable-threads=posix --libdir=/usr/lib --enable-nls --with-sysroot=/ --enable-clocale=gnu --enable-libstdcxx-debug --enable-libstdcxx-time=yes --with-default-libstdcxx-abi=new --enable-gnu-unique-object --disable-vtable-verify --enable-libmpx --enable-plugin --enable-default-pie --with-system-zlib --with-target-system-zlib --enable-objc-gc=auto --enable-multiarch --disable-werror --with-arch-32=i686 --with-abi=m64 --with-multilib-list=m32,m64,mx32 --enable-multilib --with-tune=generic --enable-offload-targets=nvptx-none --without-cuda-driver --enable-checking=release --build=x86_64-linux-gnu --host=x86_64-linux-gnu --target=x86_64-linux-gnu]
  ignore line: [Thread model: posix]
  ignore line: [gcc version 7.3.0 (Debian 7.3.0-19) ]
  ignore line: [COMPILER_PATH=/usr/lib/gcc/x86_64-linux-gnu/7/:/usr/lib/gcc/x86_64-linux-gnu/7/:/usr/lib/gcc/x86_64-linux-gnu/:/usr/lib/gcc/x86_64-linux-gnu/7/:/usr/lib/gcc/x86_64-linux-gnu/]
  ignore line: [LIBRARY_PATH=/usr/lib/gcc/x86_64-linux-gnu/7/:/usr/lib/gcc/x86_64-linux-gnu/7/../../../x86_64-linux-gnu/:/usr/lib/gcc/x86_64-linux-gnu/7/../../../../lib/:/lib/x86_64-linux-gnu/:/lib/../lib/:/usr/lib/x86_64-linux-gnu/:/usr/lib/../lib/:/usr/lib/gcc/x86_64-linux-gnu/7/../../../:/lib/:/usr/lib/]
  ignore line: [COLLECT_GCC_OPTIONS='-v' '-o' 'cmTC_89730' '-shared-libgcc' '-mtune=generic' '-march=x86-64']
  link line: [ /usr/lib/gcc/x86_64-linux-gnu/7/collect2 -plugin /usr/lib/gcc/x86_64-linux-gnu/7/liblto_plugin.so -plugin-opt=/usr/lib/gcc/x86_64-linux-gnu/7/lto-wrapper -plugin-opt=-fresolution=/tmp/ccQuqNDV.res -plugin-opt=-pass-through=-lgcc_s -plugin-opt=-pass-through=-lgcc -plugin-opt=-pass-through=-lc -plugin-opt=-pass-through=-lgcc_s -plugin-opt=-pass-through=-lgcc --sysroot=/ --build-id --eh-frame-hdr -m elf_x86_64 --hash-style=gnu -dynamic-linker /lib64/ld-linux-x86-64.so.2 -pie -o cmTC_89730 /usr/lib/gcc/x86_64-linux-gnu/7/../../../x86_64-linux-gnu/Scrt1.o /usr/lib/gcc/x86_64-linux-gnu/7/../../../x86_64-linux-gnu/crti.o /usr/lib/gcc/x86_64-linux-gnu/7/crtbeginS.o -L/usr/lib/gcc/x86_64-linux-gnu/7 -L/usr/lib/gcc/x86_64-linux-gnu/7/../../../x86_64-linux-gnu -L/usr/lib/gcc/x86_64-linux-gnu/7/../../../../lib -L/lib/x86_64-linux-gnu -L/lib/../lib -L/usr/lib/x86_64-linux-gnu -L/usr/lib/../lib -L/usr/lib/gcc/x86_64-linux-gnu/7/../../.. CMakeFiles/cmTC_89730.dir/CMakeCXXCompilerABI.cpp.o -lstdc++ -lm -lgcc_s -lgcc -lc -lgcc_s -lgcc /usr/lib/gcc/x86_64-linux-gnu/7/crtendS.o /usr/lib/gcc/x86_64-linux-gnu/7/../../../x86_64-linux-gnu/crtn.o]
    arg [/usr/lib/gcc/x86_64-linux-gnu/7/collect2] ==> ignore
    arg [-plugin] ==> ignore
    arg [/usr/lib/gcc/x86_64-linux-gnu/7/liblto_plugin.so] ==> ignore
    arg [-plugin-opt=/usr/lib/gcc/x86_64-linux-gnu/7/lto-wrapper] ==> ignore
    arg [-plugin-opt=-fresolution=/tmp/ccQuqNDV.res] ==> ignore
    arg [-plugin-opt=-pass-through=-lgcc_s] ==> ignore
    arg [-plugin-opt=-pass-through=-lgcc] ==> ignore
    arg [-plugin-opt=-pass-through=-lc] ==> ignore
    arg [-plugin-opt=-pass-through=-lgcc_s] ==> ignore
    arg [-plugin-opt=-pass-through=-lgcc] ==> ignore
    arg [--sysroot=/] ==> ignore
    arg [--build-id] ==> ignore
    arg [--eh-frame-hdr] ==> ignore
    arg [-m] ==> ignore
    arg [elf_x86_64] ==> ignore
    arg [--hash-style=gnu] ==> ignore
    arg [-dynamic-linker] ==> ignore
    arg [/lib64/ld-linux-x86-64.so.2] ==> ignore
    arg [-pie] ==> ignore
    arg [-o] ==> ignore
    arg [cmTC_89730] ==> ignore
    arg [/usr/lib/gcc/x86_64-linux-gnu/7/../../../x86_64-linux-gnu/Scrt1.o] ==> ignore
    arg [/usr/lib/gcc/x86_64-linux-gnu/7/../../../x86_64-linux-gnu/crti.o] ==> ignore
    arg [/usr/lib/gcc/x86_64-linux-gnu/7/crtbeginS.o] ==> ignore
    arg [-L/usr/lib/gcc/x86_64-linux-gnu/7] ==> dir [/usr/lib/gcc/x86_64-linux-gnu/7]
    arg [-L/usr/lib/gcc/x86_64-linux-gnu/7/../../../x86_64-linux-gnu] ==> dir [/usr/lib/gcc/x86_64-linux-gnu/7/../../../x86_64-linux-gnu]
    arg [-L/usr/lib/gcc/x86_64-linux-gnu/7/../../../../lib] ==> dir [/usr/lib/gcc/x86_64-linux-gnu/7/../../../../lib]
    arg [-L/lib/x86_64-linux-gnu] ==> dir [/lib/x86_64-linux-gnu]
    arg [-L/lib/../lib] ==> dir [/lib/../lib]
    arg [-L/usr/lib/x86_64-linux-gnu] ==> dir [/usr/lib/x86_64-linux-gnu]
    arg [-L/usr/lib/../lib] ==> dir [/usr/lib/../lib]
    arg [-L/usr/lib/gcc/x86_64-linux-gnu/7/../../..] ==> dir [/usr/lib/gcc/x86_64-linux-gnu/7/../../..]
    arg [CMakeFiles/cmTC_89730.dir/CMakeCXXCompilerABI.cpp.o] ==> ignore
    arg [-lstdc++] ==> lib [stdc++]
    arg [-lm] ==> lib [m]
    arg [-lgcc_s] ==> lib [gcc_s]
    arg [-lgcc] ==> lib [gcc]
    arg [-lc] ==> lib [c]
    arg [-lgcc_s] ==> lib [gcc_s]
    arg [-lgcc] ==> lib [gcc]
    arg [/usr/lib/gcc/x86_64-linux-gnu/7/crtendS.o] ==> ignore
    arg [/usr/lib/gcc/x86_64-linux-gnu/7/../../../x86_64-linux-gnu/crtn.o] ==> ignore
  collapse library dir [/usr/lib/gcc/x86_64-linux-gnu/7] ==> [/usr/lib/gcc/x86_64-linux-gnu/7]
  collapse library dir [/usr/lib/gcc/x86_64-linux-gnu/7/../../../x86_64-linux-gnu] ==> [/usr/lib/x86_64-linux-gnu]
  collapse library dir [/usr/lib/gcc/x86_64-linux-gnu/7/../../../../lib] ==> [/usr/lib]
  collapse library dir [/lib/x86_64-linux-gnu] ==> [/lib/x86_64-linux-gnu]
  collapse library dir [/lib/../lib] ==> [/lib]
  collapse library dir [/usr/lib/x86_64-linux-gnu] ==> [/usr/lib/x86_64-linux-gnu]
  collapse library dir [/usr/lib/../lib] ==> [/usr/lib]
  collapse library dir [/usr/lib/gcc/x86_64-linux-gnu/7/../../..] ==> [/usr/lib]
  implicit libs: [stdc++;m;gcc_s;gcc;c;gcc_s;gcc]
  implicit dirs: [/usr/lib/gcc/x86_64-linux-gnu/7;/usr/lib/x86_64-linux-gnu;/usr/lib;/lib/x86_64-linux-gnu;/lib]
  implicit fwks: []




Detecting CXX [-std=c++1z] compiler features compiled with the following output:
Change Dir: /home/ihier/proj/c/jaeger-client-c/build/CMakeFiles/CMakeTmp

Run Build Command:"/usr/bin/make" "cmTC_0bd5b/fast"
/usr/bin/make -f CMakeFiles/cmTC_0bd5b.dir/build.make CMakeFiles/cmTC_0bd5b.dir/build
make[1]: Entering directory '/home/ihier/proj/c/jaeger-client-c/build/CMakeFiles/CMakeTmp'
Building CXX object CMakeFiles/cmTC_0bd5b.dir/feature_tests.cxx.o
/usr/bin/c++    -fPIE   -std=c++1z -o CMakeFiles/cmTC_0bd5b.dir/feature_tests.cxx.o -c /home/ihier/proj/c/jaeger-client-c/build/CMakeFiles/feature_tests.cxx
Linking CXX executable cmTC_0bd5b
/usr/bin/cmake -E cmake_link_script CMakeFiles/cmTC_0bd5b.dir/link.txt --verbose=1
/usr/bin/c++       CMakeFiles/cmTC_0bd5b.dir/feature_tests.cxx.o  -o cmTC_0bd5b 
make[1]: Leaving directory '/home/ihier/proj/c/jaeger-client-c/build/CMakeFiles/CMakeTmp'


    Feature record: CXX_FEATURE:1cxx_aggregate_default_initializers
    Feature record: CXX_FEATURE:1cxx_alias_templates
    Feature record: CXX_FEATURE:1cxx_alignas
    Feature record: CXX_FEATURE:1cxx_alignof
    Feature record: CXX_FEATURE:1cxx_attributes
    Feature record: CXX_FEATURE:1cxx_attribute_deprecated
    Feature record: CXX_FEATURE:1cxx_auto_type
    Feature record: CXX_FEATURE:1cxx_binary_literals
    Feature record: CXX_FEATURE:1cxx_constexpr
    Feature record: CXX_FEATURE:1cxx_contextual_conversions
    Feature record: CXX_FEATURE:1cxx_decltype
    Feature record: CXX_FEATURE:1cxx_decltype_auto
    Feature record: CXX_FEATURE:1cxx_decltype_incomplete_return_types
    Feature record: CXX_FEATURE:1cxx_default_function_template_args
    Feature record: CXX_FEATURE:1cxx_defaulted_functions
    Feature record: CXX_FEATURE:1cxx_defaulted_move_initializers
    Feature record: CXX_FEATURE:1cxx_delegating_constructors
    Feature record: CXX_FEATURE:1cxx_deleted_functions
    Feature record: CXX_FEATURE:1cxx_digit_separators
    Feature record: CXX_FEATURE:1cxx_enum_forward_declarations
    Feature record: CXX_FEATURE:1cxx_explicit_conversions
    Feature record: CXX_FEATURE:1cxx_extended_friend_declarations
    Feature record: CXX_FEATURE:1cxx_extern_templates
    Feature record: CXX_FEATURE:1cxx_final
    Feature record: CXX_FEATURE:1cxx_func_identifier
    Feature record: CXX_FEATURE:1cxx_generalized_initializers
    Feature record: CXX_FEATURE:1cxx_generic_lambdas
    Feature record: CXX_FEATURE:1cxx_inheriting_constructors
    Feature record: CXX_FEATURE:1cxx_inline_namespaces
    Feature record: CXX_FEATURE:1cxx_lambdas
    Feature record: CXX_FEATURE:1cxx_lambda_init_captures
    Feature record: CXX_FEATURE:1cxx_local_type_template_args
    Feature record: CXX_FEATURE:1cxx_long_long_type
    Feature record: CXX_FEATURE:1cxx_noexcept
    Feature record: CXX_FEATURE:1cxx_nonstatic_member_init
    Feature record: CXX_FEATURE:1cxx_nullptr
    Feature record: CXX_FEATURE:1cxx_override
    Feature record: CXX_FEATURE:1cxx_range_for
    Feature record: CXX_FEATURE:1cxx_raw_string_literals
    Feature record: CXX_FEATURE:1cxx_reference_qualified_functions
    Feature record: CXX_FEATURE:1cxx_relaxed_constexpr
    Feature record: CXX_FEATURE:1cxx_return_type_deduction
    Feature record: CXX_FEATURE:1cxx_right_angle_brackets
    Feature record: CXX_FEATURE:1cxx_rvalue_references
    Feature record: CXX_FEATURE:1cxx_sizeof_member
    Feature record: CXX_FEATURE:1cxx_static_assert
    Feature record: CXX_FEATURE:1cxx_strong_enums
    Feature record: CXX_FEATURE:1cxx_template_template_parameters
    Feature record: CXX_FEATURE:1cxx_thread_local
    Feature record: CXX_FEATURE:1cxx_trailing_return_types
    Feature record: CXX_FEATURE:1cxx_unicode_literals
    Feature record: CXX_FEATURE:1cxx_uniform_initialization
    Feature record: CXX_FEATURE:1cxx_unrestricted_unions
    Feature record: CXX_FEATURE:1cxx_user_literals
    Feature record: CXX_FEATURE:1cxx_variable_templates
    Feature record: CXX_FEATURE:1cxx_variadic_macros
    Feature record: CXX_FEATURE:1cxx_variadic_templates


Detecting CXX [-std=c++14] compiler features compiled with the following output:
Change Dir: /home/ihier/proj/c/jaeger-client-c/build/CMakeFiles/CMakeTmp

Run Build Command:"/usr/bin/make" "cmTC_ebfcd/fast"
/usr/bin/make -f CMakeFiles/cmTC_ebfcd.dir/build.make CMakeFiles/cmTC_ebfcd.dir/build
make[1]: Entering directory '/home/ihier/proj/c/jaeger-client-c/build/CMakeFiles/CMakeTmp'
Building CXX object CMakeFiles/cmTC_ebfcd.dir/feature_tests.cxx.o
/usr/bin/c++    -fPIE   -std=c++14 -o CMakeFiles/cmTC_ebfcd.dir/feature_tests.cxx.o -c /home/ihier/proj/c/jaeger-client-c/build/CMakeFiles/feature_tests.cxx
Linking CXX executable cmTC_ebfcd
/usr/bin/cmake -E cmake_link_script CMakeFiles/cmTC_ebfcd.dir/link.txt --verbose=1
/usr/bin/c++       CMakeFiles/cmTC_ebfcd.dir/feature_tests.cxx.o  -o cmTC_ebfcd 
make[1]: Leaving directory '/home/ihier/proj/c/jaeger-client-c/build/CMakeFiles/CMakeTmp'


    Feature record: CXX_FEATURE:1cxx_aggregate_default_initializers
    Feature record: CXX_FEATURE:1cxx_alias_templates
    Feature record: CXX_FEATURE:1cxx_alignas
    Feature record: CXX_FEATURE:1cxx_alignof
    Feature record: CXX_FEATURE:1cxx_attributes
    Feature record: CXX_FEATURE:1cxx_attribute_deprecated
    Feature record: CXX_FEATURE:1cxx_auto_type
    Feature record: CXX_FEATURE:1cxx_binary_literals
    Feature record: CXX_FEATURE:1cxx_constexpr
    Feature record: CXX_FEATURE:1cxx_contextual_conversions
    Feature record: CXX_FEATURE:1cxx_decltype
    Feature record: CXX_FEATURE:1cxx_decltype_auto
    Feature record: CXX_FEATURE:1cxx_decltype_incomplete_return_types
    Feature record: CXX_FEATURE:1cxx_default_function_template_args
    Feature record: CXX_FEATURE:1cxx_defaulted_functions
    Feature record: CXX_FEATURE:1cxx_defaulted_move_initializers
    Feature record: CXX_FEATURE:1cxx_delegating_constructors
    Feature record: CXX_FEATURE:1cxx_deleted_functions
    Feature record: CXX_FEATURE:1cxx_digit_separators
    Feature record: CXX_FEATURE:1cxx_enum_forward_declarations
    Feature record: CXX_FEATURE:1cxx_explicit_conversions
    Feature record: CXX_FEATURE:1cxx_extended_friend_declarations
    Feature record: CXX_FEATURE:1cxx_extern_templates
    Feature record: CXX_FEATURE:1cxx_final
    Feature record: CXX_FEATURE:1cxx_func_identifier
    Feature record: CXX_FEATURE:1cxx_generalized_initializers
    Feature record: CXX_FEATURE:1cxx_generic_lambdas
    Feature record: CXX_FEATURE:1cxx_inheriting_constructors
    Feature record: CXX_FEATURE:1cxx_inline_namespaces
    Feature record: CXX_FEATURE:1cxx_lambdas
    Feature record: CXX_FEATURE:1cxx_lambda_init_captures
    Feature record: CXX_FEATURE:1cxx_local_type_template_args
    Feature record: CXX_FEATURE:1cxx_long_long_type
    Feature record: CXX_FEATURE:1cxx_noexcept
    Feature record: CXX_FEATURE:1cxx_nonstatic_member_init
    Feature record: CXX_FEATURE:1cxx_nullptr
    Feature record: CXX_FEATURE:1cxx_override
    Feature record: CXX_FEATURE:1cxx_range_for
    Feature record: CXX_FEATURE:1cxx_raw_string_literals
    Feature record: CXX_FEATURE:1cxx_reference_qualified_functions
    Feature record: CXX_FEATURE:1cxx_relaxed_constexpr
    Feature record: CXX_FEATURE:1cxx_return_type_deduction
    Feature record: CXX_FEATURE:1cxx_right_angle_brackets
    Feature record: CXX_FEATURE:1cxx_rvalue_references
    Feature record: CXX_FEATURE:1cxx_sizeof_member
    Feature record: CXX_FEATURE:1cxx_static_assert
    Feature record: CXX_FEATURE:1cxx_strong_enums
    Feature record: CXX_FEATURE:1cxx_template_template_parameters
    Feature record: CXX_FEATURE:1cxx_thread_local
    Feature record: CXX_FEATURE:1cxx_trailing_return_types
    Feature record: CXX_FEATURE:1cxx_unicode_literals
    Feature record: CXX_FEATURE:1cxx_uniform_initialization
    Feature record: CXX_FEATURE:1cxx_unrestricted_unions
    Feature record: CXX_FEATURE:1cxx_user_literals
    Feature record: CXX_FEATURE:1cxx_variable_templates
    Feature record: CXX_FEATURE:1cxx_variadic_macros
    Feature record: CXX_FEATURE:1cxx_variadic_templates


Detecting CXX [-std=c++11] compiler features compiled with the following output:
Change Dir: /home/ihier/proj/c/jaeger-client-c/build/CMakeFiles/CMakeTmp

Run Build Command:"/usr/bin/make" "cmTC_bf1fc/fast"
/usr/bin/make -f CMakeFiles/cmTC_bf1fc.dir/build.make CMakeFiles/cmTC_bf1fc.dir/build
make[1]: Entering directory '/home/ihier/proj/c/jaeger-client-c/build/CMakeFiles/CMakeTmp'
Building CXX object CMakeFiles/cmTC_bf1fc.dir/feature_tests.cxx.o
/usr/bin/c++    -fPIE   -std=c++11 -o CMakeFiles/cmTC_bf1fc.dir/feature_tests.cxx.o -c /home/ihier/proj/c/jaeger-client-c/build/CMakeFiles/feature_tests.cxx
Linking CXX executable cmTC_bf1fc
/usr/bin/cmake -E cmake_link_script CMakeFiles/cmTC_bf1fc.dir/link.txt --verbose=1
/usr/bin/c++       CMakeFiles/cmTC_bf1fc.dir/feature_tests.cxx.o  -o cmTC_bf1fc 
make[1]: Leaving directory '/home/ihier/proj/c/jaeger-client-c/build/CMakeFiles/CMakeTmp'


    Feature record: CXX_FEATURE:0cxx_aggregate_default_initializers
    Feature record: CXX_FEATURE:1cxx_alias_templates
    Feature record: CXX_FEATURE:1cxx_alignas
    Feature record: CXX_FEATURE:1cxx_alignof
    Feature record: CXX_FEATURE:1cxx_attributes
    Feature record: CXX_FEATURE:0cxx_attribute_deprecated
    Feature record: CXX_FEATURE:1cxx_auto_type
    Feature record: CXX_FEATURE:0cxx_binary_literals
    Feature record: CXX_FEATURE:1cxx_constexpr
    Feature record: CXX_FEATURE:0cxx_contextual_conversions
    Feature record: CXX_FEATURE:1cxx_decltype
    Feature record: CXX_FEATURE:0cxx_decltype_auto
    Feature record: CXX_FEATURE:1cxx_decltype_incomplete_return_types
    Feature record: CXX_FEATURE:1cxx_default_function_template_args
    Feature record: CXX_FEATURE:1cxx_defaulted_functions
    Feature record: CXX_FEATURE:1cxx_defaulted_move_initializers
    Feature record: CXX_FEATURE:1cxx_delegating_constructors
    Feature record: CXX_FEATURE:1cxx_deleted_functions
    Feature record: CXX_FEATURE:0cxx_digit_separators
    Feature record: CXX_FEATURE:1cxx_enum_forward_declarations
    Feature record: CXX_FEATURE:1cxx_explicit_conversions
    Feature record: CXX_FEATURE:1cxx_extended_friend_declarations
    Feature record: CXX_FEATURE:1cxx_extern_templates
    Feature record: CXX_FEATURE:1cxx_final
    Feature record: CXX_FEATURE:1cxx_func_identifier
    Feature record: CXX_FEATURE:1cxx_generalized_initializers
    Feature record: CXX_FEATURE:0cxx_generic_lambdas
    Feature record: CXX_FEATURE:1cxx_inheriting_constructors
    Feature record: CXX_FEATURE:1cxx_inline_namespaces
    Feature record: CXX_FEATURE:1cxx_lambdas
    Feature record: CXX_FEATURE:0cxx_lambda_init_captures
    Feature record: CXX_FEATURE:1cxx_local_type_template_args
    Feature record: CXX_FEATURE:1cxx_long_long_type
    Feature record: CXX_FEATURE:1cxx_noexcept
    Feature record: CXX_FEATURE:1cxx_nonstatic_member_init
    Feature record: CXX_FEATURE:1cxx_nullptr
    Feature record: CXX_FEATURE:1cxx_override
    Feature record: CXX_FEATURE:1cxx_range_for
    Feature record: CXX_FEATURE:1cxx_raw_string_literals
    Feature record: CXX_FEATURE:1cxx_reference_qualified_functions
    Feature record: CXX_FEATURE:0cxx_relaxed_constexpr
    Feature record: CXX_FEATURE:0cxx_return_type_deduction
    Feature record: CXX_FEATURE:1cxx_right_angle_brackets
    Feature record: CXX_FEATURE:1cxx_rvalue_references
    Feature record: CXX_FEATURE:1cxx_sizeof_member
    Feature record: CXX_FEATURE:1cxx_static_assert
    Feature record: CXX_FEATURE:1cxx_strong_enums
    Feature record: CXX_FEATURE:1cxx_template_template_parameters
    Feature record: CXX_FEATURE:1cxx_thread_local
    Feature record: CXX_FEATURE:1cxx_trailing_return_types
    Feature record: CXX_FEATURE:1cxx_unicode_literals
    Feature record: CXX_FEATURE:1cxx_uniform_initialization
    Feature record: CXX_FEATURE:1cxx_unrestricted_unions
    Feature record: CXX_FEATURE:1cxx_user_literals
    Feature record: CXX_FEATURE:0cxx_variable_templates
    Feature record: CXX_FEATURE:1cxx_variadic_macros
    Feature record: CXX_FEATURE:1cxx_variadic_templates


Detecting CXX [-std=c++98] compiler features compiled with the following output:
Change Dir: /home/ihier/proj/c/jaeger-client-c/build/CMakeFiles/CMakeTmp

Run Build Command:"/usr/bin/make" "cmTC_8b008/fast"
/usr/bin/make -f CMakeFiles/cmTC_8b008.dir/build.make CMakeFiles/cmTC_8b008.dir/build
make[1]: Entering directory '/home/ihier/proj/c/jaeger-client-c/build/CMakeFiles/CMakeTmp'
Building CXX object CMakeFiles/cmTC_8b008.dir/feature_tests.cxx.o
/usr/bin/c++    -fPIE   -std=c++98 -o CMakeFiles/cmTC_8b008.dir/feature_tests.cxx.o -c /home/ihier/proj/c/jaeger-client-c/build/CMakeFiles/feature_tests.cxx
Linking CXX executable cmTC_8b008
/usr/bin/cmake -E cmake_link_script CMakeFiles/cmTC_8b008.dir/link.txt --verbose=1
/usr/bin/c++       CMakeFiles/cmTC_8b008.dir/feature_tests.cxx.o  -o cmTC_8b008 
make[1]: Leaving directory '/home/ihier/proj/c/jaeger-client-c/build/CMakeFiles/CMakeTmp'


    Feature record: CXX_FEATURE:0cxx_aggregate_default_initializers
    Feature record: CXX_FEATURE:0cxx_alias_templates
    Feature record: CXX_FEATURE:0cxx_alignas
    Feature record: CXX_FEATURE:0cxx_alignof
    Feature record: CXX_FEATURE:0cxx_attributes
    Feature record: CXX_FEATURE:0cxx_attribute_deprecated
    Feature record: CXX_FEATURE:0cxx_auto_type
    Feature record: CXX_FEATURE:0cxx_binary_literals
    Feature record: CXX_FEATURE:0cxx_constexpr
    Feature record: CXX_FEATURE:0cxx_contextual_conversions
    Feature record: CXX_FEATURE:0cxx_decltype
    Feature record: CXX_FEATURE:0cxx_decltype_auto
    Feature record: CXX_FEATURE:0cxx_decltype_incomplete_return_types
    Feature record: CXX_FEATURE:0cxx_default_function_template_args
    Feature record: CXX_FEATURE:0cxx_defaulted_functions
    Feature record: CXX_FEATURE:0cxx_defaulted_move_initializers
    Feature record: CXX_FEATURE:0cxx_delegating_constructors
    Feature record: CXX_FEATURE:0cxx_deleted_functions
    Feature record: CXX_FEATURE:0cxx_digit_separators
    Feature record: CXX_FEATURE:0cxx_enum_forward_declarations
    Feature record: CXX_FEATURE:0cxx_explicit_conversions
    Feature record: CXX_FEATURE:0cxx_extended_friend_declarations
    Feature record: CXX_FEATURE:0cxx_extern_templates
    Feature record: CXX_FEATURE:0cxx_final
    Feature record: CXX_FEATURE:0cxx_func_identifier
    Feature record: CXX_FEATURE:0cxx_generalized_initializers
    Feature record: CXX_FEATURE:0cxx_generic_lambdas
    Feature record: CXX_FEATURE:0cxx_inheriting_constructors
    Feature record: CXX_FEATURE:0cxx_inline_namespaces
    Feature record: CXX_FEATURE:0cxx_lambdas
    Feature record: CXX_FEATURE:0cxx_lambda_init_captures
    Feature record: CXX_FEATURE:0cxx_local_type_template_args
    Feature record: CXX_FEATURE:0cxx_long_long_type
    Feature record: CXX_FEATURE:0cxx_noexcept
    Feature record: CXX_FEATURE:0cxx_nonstatic_member_init
    Feature record: CXX_FEATURE:0cxx_nullptr
    Feature record: CXX_FEATURE:0cxx_override
    Feature record: CXX_FEATURE:0cxx_range_for
    Feature record: CXX_FEATURE:0cxx_raw_string_literals
    Feature record: CXX_FEATURE:0cxx_reference_qualified_functions
    Feature record: CXX_FEATURE:0cxx_relaxed_constexpr
    Feature record: CXX_FEATURE:0cxx_return_type_deduction
    Feature record: CXX_FEATURE:0cxx_right_angle_brackets
    Feature record: CXX_FEATURE:0cxx_rvalue_references
    Feature record: CXX_FEATURE:0cxx_sizeof_member
    Feature record: CXX_FEATURE:0cxx_static_assert
    Feature record: CXX_FEATURE:0cxx_strong_enums
    Feature record: CXX_FEATURE:1cxx_template_template_parameters
    Feature record: CXX_FEATURE:0cxx_thread_local
    Feature record: CXX_FEATURE:0cxx_trailing_return_types
    Feature record: CXX_FEATURE:0cxx_unicode_literals
    Feature record: CXX_FEATURE:0cxx_uniform_initialization
    Feature record: CXX_FEATURE:0cxx_unrestricted_unions
    Feature record: CXX_FEATURE:0cxx_user_literals
    Feature record: CXX_FEATURE:0cxx_variable_templates
    Feature record: CXX_FEATURE:0cxx_variadic_macros
    Feature record: CXX_FEATURE:0cxx_variadic_templates
Performing C SOURCE FILE Test HAVE_Wall succeeded with the following output:
Change Dir: /home/ihier/proj/c/jaeger-client-c/build/CMakeFiles/CMakeTmp

Run Build Command:"/usr/bin/make" "cmTC_89cf0/fast"
/usr/bin/make -f CMakeFiles/cmTC_89cf0.dir/build.make CMakeFiles/cmTC_89cf0.dir/build
make[1]: Entering directory '/home/ihier/proj/c/jaeger-client-c/build/CMakeFiles/CMakeTmp'
Building C object CMakeFiles/cmTC_89cf0.dir/src.c.o
/usr/bin/cc   -DHAVE_Wall -fPIE   -Wall -std=gnu99 -o CMakeFiles/cmTC_89cf0.dir/src.c.o   -c /home/ihier/proj/c/jaeger-client-c/build/CMakeFiles/CMakeTmp/src.c
Linking C executable cmTC_89cf0
/usr/bin/cmake -E cmake_link_script CMakeFiles/cmTC_89cf0.dir/link.txt --verbose=1
/usr/bin/cc  -DHAVE_Wall    CMakeFiles/cmTC_89cf0.dir/src.c.o  -o cmTC_89cf0 
make[1]: Leaving directory '/home/ihier/proj/c/jaeger-client-c/build/CMakeFiles/CMakeTmp'

Source file was:
int main(void) { return 0; }
Performing C SOURCE FILE Test HAVE_Werror succeeded with the following output:
Change Dir: /home/ihier/proj/c/jaeger-client-c/build/CMakeFiles/CMakeTmp

Run Build Command:"/usr/bin/make" "cmTC_54322/fast"
/usr/bin/make -f CMakeFiles/cmTC_54322.dir/build.make CMakeFiles/cmTC_54322.dir/build
make[1]: Entering directory '/home/ihier/proj/c/jaeger-client-c/build/CMakeFiles/CMakeTmp'
Building C object CMakeFiles/cmTC_54322.dir/src.c.o
/usr/bin/cc   -DHAVE_Werror -fPIE   -Werror -std=gnu99 -o CMakeFiles/cmTC_54322.dir/src.c.o   -c /home/ihier/proj/c/jaeger-client-c/build/CMakeFiles/CMakeTmp/src.c
Linking C executable cmTC_54322
/usr/bin/cmake -E cmake_link_script CMakeFiles/cmTC_54322.dir/link.txt --verbose=1
/usr/bin/cc  -DHAVE_Werror    CMakeFiles/cmTC_54322.dir/src.c.o  -o cmTC_54322 
make[1]: Leaving directory '/home/ihier/proj/c/jaeger-client-c/build/CMakeFiles/CMakeTmp'

Source file was:
int main(void) { return 0; }
Performing C SOURCE FILE Test HAVE_Wextra succeeded with the following output:
Change Dir: /home/ihier/proj/c/jaeger-client-c/build/CMakeFiles/CMakeTmp

Run Build Command:"/usr/bin/make" "cmTC_524ab/fast"
/usr/bin/make -f CMakeFiles/cmTC_524ab.dir/build.make CMakeFiles/cmTC_524ab.dir/build
make[1]: Entering directory '/home/ihier/proj/c/jaeger-client-c/build/CMakeFiles/CMakeTmp'
Building C object CMakeFiles/cmTC_524ab.dir/src.c.o
/usr/bin/cc   -DHAVE_Wextra -fPIE   -Wextra -std=gnu99 -o CMakeFiles/cmTC_524ab.dir/src.c.o   -c /home/ihier/proj/c/jaeger-client-c/build/CMakeFiles/CMakeTmp/src.c
Linking C executable cmTC_524ab
/usr/bin/cmake -E cmake_link_script CMakeFiles/cmTC_524ab.dir/link.txt --verbose=1
/usr/bin/cc  -DHAVE_Wextra    CMakeFiles/cmTC_524ab.dir/src.c.o  -o cmTC_524ab 
make[1]: Leaving directory '/home/ihier/proj/c/jaeger-client-c/build/CMakeFiles/CMakeTmp'

Source file was:
int main(void) { return 0; }
Determining if the include file pthread.h exists passed with the following output:
Change Dir: /home/ihier/proj/c/jaeger-client-c/build/CMakeFiles/CMakeTmp

Run Build Command:"/usr/bin/make" "cmTC_781c0/fast"
/usr/bin/make -f CMakeFiles/cmTC_781c0.dir/build.make CMakeFiles/cmTC_781c0.dir/build
make[1]: Entering directory '/home/ihier/proj/c/jaeger-client-c/build/CMakeFiles/CMakeTmp'
Building C object CMakeFiles/cmTC_781c0.dir/CheckIncludeFile.c.o
/usr/bin/cc   -fPIE   -std=gnu99 -o CMakeFiles/cmTC_781c0.dir/CheckIncludeFile.c.o   -c /home/ihier/proj/c/jaeger-client-c/build/CMakeFiles/CMakeTmp/CheckIncludeFile.c
Linking C executable cmTC_781c0
/usr/bin/cmake -E cmake_link_script CMakeFiles/cmTC_781c0.dir/link.txt --verbose=1
/usr/bin/cc      CMakeFiles/cmTC_781c0.dir/CheckIncludeFile.c.o  -o cmTC_781c0 
make[1]: Leaving directory '/home/ihier/proj/c/jaeger-client-c/build/CMakeFiles/CMakeTmp'


Determining if the function pthread_create exists in the pthread passed with the following output:
Change Dir: /home/ihier/proj/c/jaeger-client-c/build/CMakeFiles/CMakeTmp

Run Build Command:"/usr/bin/make" "cmTC_59ef2/fast"
/usr/bin/make -f CMakeFiles/cmTC_59ef2.dir/build.make CMakeFiles/cmTC_59ef2.dir/build
make[1]: Entering directory '/home/ihier/proj/c/jaeger-client-c/build/CMakeFiles/CMakeTmp'
Building C object CMakeFiles/cmTC_59ef2.dir/CheckFunctionExists.c.o
/usr/bin/cc   -DCHECK_FUNCTION_EXISTS=pthread_create -fPIE   -std=gnu99 -o CMakeFiles/cmTC_59ef2.dir/CheckFunctionExists.c.o   -c /usr/share/cmake-3.11/Modules/CheckFunctionExists.c
Linking C executable cmTC_59ef2
/usr/bin/cmake -E cmake_link_script CMakeFiles/cmTC_59ef2.dir/link.txt --verbose=1
/usr/bin/cc  -DCHECK_FUNCTION_EXISTS=pthread_create    CMakeFiles/cmTC_59ef2.dir/CheckFunctionExists.c.o  -o cmTC_59ef2 -lpthread 
make[1]: Leaving directory '/home/ihier/proj/c/jaeger-client-c/build/CMakeFiles/CMakeTmp'


Performing C++ SOURCE FILE Test COMPILER_HAS_HIDDEN_VISIBILITY succeeded with the following output:
Change Dir: /home/ihier/proj/c/jaeger-client-c/build/CMakeFiles/CMakeTmp

Run Build Command:"/usr/bin/make" "cmTC_86f79/fast"
/usr/bin/make -f CMakeFiles/cmTC_86f79.dir/build.make CMakeFiles/cmTC_86f79.dir/build
make[1]: Entering directory '/home/ihier/proj/c/jaeger-client-c/build/CMakeFiles/CMakeTmp'
Building CXX object CMakeFiles/cmTC_86f79.dir/src.cxx.o
/usr/bin/c++    -DCOMPILER_HAS_HIDDEN_VISIBILITY -fPIE   -fvisibility=hidden -o CMakeFiles/cmTC_86f79.dir/src.cxx.o -c /home/ihier/proj/c/jaeger-client-c/build/CMakeFiles/CMakeTmp/src.cxx
Linking CXX executable cmTC_86f79
/usr/bin/cmake -E cmake_link_script CMakeFiles/cmTC_86f79.dir/link.txt --verbose=1
/usr/bin/c++   -DCOMPILER_HAS_HIDDEN_VISIBILITY    CMakeFiles/cmTC_86f79.dir/src.cxx.o  -o cmTC_86f79 
make[1]: Leaving directory '/home/ihier/proj/c/jaeger-client-c/build/CMakeFiles/CMakeTmp'

Source file was:
int main() { return 0; }
Performing C++ SOURCE FILE Test COMPILER_HAS_HIDDEN_INLINE_VISIBILITY succeeded with the following output:
Change Dir: /home/ihier/proj/c/jaeger-client-c/build/CMakeFiles/CMakeTmp

Run Build Command:"/usr/bin/make" "cmTC_9542f/fast"
/usr/bin/make -f CMakeFiles/cmTC_9542f.dir/build.make CMakeFiles/cmTC_9542f.dir/build
make[1]: Entering directory '/home/ihier/proj/c/jaeger-client-c/build/CMakeFiles/CMakeTmp'
Building CXX object CMakeFiles/cmTC_9542f.dir/src.cxx.o
/usr/bin/c++    -DCOMPILER_HAS_HIDDEN_INLINE_VISIBILITY -fPIE   -fvisibility-inlines-hidden -o CMakeFiles/cmTC_9542f.dir/src.cxx.o -c /home/ihier/proj/c/jaeger-client-c/build/CMakeFiles/CMakeTmp/src.cxx
Linking CXX executable cmTC_9542f
/usr/bin/cmake -E cmake_link_script CMakeFiles/cmTC_9542f.dir/link.txt --verbose=1
/usr/bin/c++   -DCOMPILER_HAS_HIDDEN_INLINE_VISIBILITY    CMakeFiles/cmTC_9542f.dir/src.cxx.o  -o cmTC_9542f 
make[1]: Leaving directory '/home/ihier/proj/c/jaeger-client-c/build/CMakeFiles/CMakeTmp'

Source file was:
int main() { return 0; }
Performing C++ SOURCE FILE Test COMPILER_HAS_DEPRECATED_ATTR succeeded with the following output:
Change Dir: /home/ihier/proj/c/jaeger-client-c/build/CMakeFiles/CMakeTmp

Run Build Command:"/usr/bin/make" "cmTC_e2b39/fast"
/usr/bin/make -f CMakeFiles/cmTC_e2b39.dir/build.make CMakeFiles/cmTC_e2b39.dir/build
make[1]: Entering directory '/home/ihier/proj/c/jaeger-client-c/build/CMakeFiles/CMakeTmp'
Building CXX object CMakeFiles/cmTC_e2b39.dir/src.cxx.o
/usr/bin/c++    -DCOMPILER_HAS_DEPRECATED_ATTR -fPIE   -o CMakeFiles/cmTC_e2b39.dir/src.cxx.o -c /home/ihier/proj/c/jaeger-client-c/build/CMakeFiles/CMakeTmp/src.cxx
/home/ihier/proj/c/jaeger-client-c/build/CMakeFiles/CMakeTmp/src.cxx: In function int main():
/home/ihier/proj/c/jaeger-client-c/build/CMakeFiles/CMakeTmp/src.cxx:2:34: warning: int somefunc() is deprecated [-Wdeprecated-declarations]
     int main() { return somefunc();}
                                  ^
/home/ihier/proj/c/jaeger-client-c/build/CMakeFiles/CMakeTmp/src.cxx:1:37: note: declared here
 __attribute__((__deprecated__)) int somefunc() { return 0; }
                                     ^~~~~~~~
Linking CXX executable cmTC_e2b39
/usr/bin/cmake -E cmake_link_script CMakeFiles/cmTC_e2b39.dir/link.txt --verbose=1
/usr/bin/c++   -DCOMPILER_HAS_DEPRECATED_ATTR    CMakeFiles/cmTC_e2b39.dir/src.cxx.o  -o cmTC_e2b39 
make[1]: Leaving directory '/home/ihier/proj/c/jaeger-client-c/build/CMakeFiles/CMakeTmp'

Source file was:
__attribute__((__deprecated__)) int somefunc() { return 0; }
    int main() { return somefunc();}
Determining if the SYS_getrandom exist passed with the following output:
Change Dir: /home/ihier/proj/c/jaeger-client-c/build/CMakeFiles/CMakeTmp

Run Build Command:"/usr/bin/make" "cmTC_df6d5/fast"
/usr/bin/make -f CMakeFiles/cmTC_df6d5.dir/build.make CMakeFiles/cmTC_df6d5.dir/build
make[1]: Entering directory '/home/ihier/proj/c/jaeger-client-c/build/CMakeFiles/CMakeTmp'
Building C object CMakeFiles/cmTC_df6d5.dir/CheckSymbolExists.c.o
/usr/bin/cc   -fPIE   -std=gnu99 -o CMakeFiles/cmTC_df6d5.dir/CheckSymbolExists.c.o   -c /home/ihier/proj/c/jaeger-client-c/build/CMakeFiles/CMakeTmp/CheckSymbolExists.c
Linking C executable cmTC_df6d5
/usr/bin/cmake -E cmake_link_script CMakeFiles/cmTC_df6d5.dir/link.txt --verbose=1
/usr/bin/cc      CMakeFiles/cmTC_df6d5.dir/CheckSymbolExists.c.o  -o cmTC_df6d5 
make[1]: Leaving directory '/home/ihier/proj/c/jaeger-client-c/build/CMakeFiles/CMakeTmp'

File /home/ihier/proj/c/jaeger-client-c/build/CMakeFiles/CMakeTmp/CheckSymbolExists.c:
/* */
#include <linux/random.h>
#include <sys/syscall.h>
#include <unistd.h>

int main(int argc, char** argv)
{
  (void)argv;
#ifndef SYS_getrandom
  return ((int*)(&SYS_getrandom))[argc];
#else
  (void)argc;
  return 0;
#endif
}

Determining if the include file sys/types.h exists passed with the following output:
Change Dir: /home/ihier/proj/c/jaeger-client-c/build/CMakeFiles/CMakeTmp

Run Build Command:"/usr/bin/make" "cmTC_9ad81/fast"
/usr/bin/make -f CMakeFiles/cmTC_9ad81.dir/build.make CMakeFiles/cmTC_9ad81.dir/build
make[1]: Entering directory '/home/ihier/proj/c/jaeger-client-c/build/CMakeFiles/CMakeTmp'
Building C object CMakeFiles/cmTC_9ad81.dir/CheckIncludeFile.c.o
/usr/bin/cc   -fPIE   -std=gnu99 -o CMakeFiles/cmTC_9ad81.dir/CheckIncludeFile.c.o   -c /home/ihier/proj/c/jaeger-client-c/build/CMakeFiles/CMakeTmp/CheckIncludeFile.c
Linking C executable cmTC_9ad81
/usr/bin/cmake -E cmake_link_script CMakeFiles/cmTC_9ad81.dir/link.txt --verbose=1
/usr/bin/cc      CMakeFiles/cmTC_9ad81.dir/CheckIncludeFile.c.o  -o cmTC_9ad81 
make[1]: Leaving directory '/home/ihier/proj/c/jaeger-client-c/build/CMakeFiles/CMakeTmp'


Determining if the include file stdint.h exists passed with the following output:
Change Dir: /home/ihier/proj/c/jaeger-client-c/build/CMakeFiles/CMakeTmp

Run Build Command:"/usr/bin/make" "cmTC_4083b/fast"
/usr/bin/make -f CMakeFiles/cmTC_4083b.dir/build.make CMakeFiles/cmTC_4083b.dir/build
make[1]: Entering directory '/home/ihier/proj/c/jaeger-client-c/build/CMakeFiles/CMakeTmp'
Building C object CMakeFiles/cmTC_4083b.dir/CheckIncludeFile.c.o
/usr/bin/cc   -fPIE   -std=gnu99 -o CMakeFiles/cmTC_4083b.dir/CheckIncludeFile.c.o   -c /home/ihier/proj/c/jaeger-client-c/build/CMakeFiles/CMakeTmp/CheckIncludeFile.c
Linking C executable cmTC_4083b
/usr/bin/cmake -E cmake_link_script CMakeFiles/cmTC_4083b.dir/link.txt --verbose=1
/usr/bin/cc      CMakeFiles/cmTC_4083b.dir/CheckIncludeFile.c.o  -o cmTC_4083b 
make[1]: Leaving directory '/home/ihier/proj/c/jaeger-client-c/build/CMakeFiles/CMakeTmp'


Determining if the include file stddef.h exists passed with the following output:
Change Dir: /home/ihier/proj/c/jaeger-client-c/build/CMakeFiles/CMakeTmp

Run Build Command:"/usr/bin/make" "cmTC_e54a2/fast"
/usr/bin/make -f CMakeFiles/cmTC_e54a2.dir/build.make CMakeFiles/cmTC_e54a2.dir/build
make[1]: Entering directory '/home/ihier/proj/c/jaeger-client-c/build/CMakeFiles/CMakeTmp'
Building C object CMakeFiles/cmTC_e54a2.dir/CheckIncludeFile.c.o
/usr/bin/cc   -fPIE   -std=gnu99 -o CMakeFiles/cmTC_e54a2.dir/CheckIncludeFile.c.o   -c /home/ihier/proj/c/jaeger-client-c/build/CMakeFiles/CMakeTmp/CheckIncludeFile.c
Linking C executable cmTC_e54a2
/usr/bin/cmake -E cmake_link_script CMakeFiles/cmTC_e54a2.dir/link.txt --verbose=1
/usr/bin/cc      CMakeFiles/cmTC_e54a2.dir/CheckIncludeFile.c.o  -o cmTC_e54a2 
make[1]: Leaving directory '/home/ihier/proj/c/jaeger-client-c/build/CMakeFiles/CMakeTmp'


Determining size of unsigned short passed with the following output:
Change Dir: /home/ihier/proj/c/jaeger-client-c/build/CMakeFiles/CMakeTmp

Run Build Command:"/usr/bin/make" "cmTC_9ca2c/fast"
/usr/bin/make -f CMakeFiles/cmTC_9ca2c.dir/build.make CMakeFiles/cmTC_9ca2c.dir/build
make[1]: Entering directory '/home/ihier/proj/c/jaeger-client-c/build/CMakeFiles/CMakeTmp'
Building C object CMakeFiles/cmTC_9ca2c.dir/CMAKE_SIZEOF_UNSIGNED_SHORT.c.o
/usr/bin/cc   -fPIE   -std=gnu99 -o CMakeFiles/cmTC_9ca2c.dir/CMAKE_SIZEOF_UNSIGNED_SHORT.c.o   -c /home/ihier/proj/c/jaeger-client-c/build/CMakeFiles/CheckTypeSize/CMAKE_SIZEOF_UNSIGNED_SHORT.c
Linking C executable cmTC_9ca2c
/usr/bin/cmake -E cmake_link_script CMakeFiles/cmTC_9ca2c.dir/link.txt --verbose=1
/usr/bin/cc      CMakeFiles/cmTC_9ca2c.dir/CMAKE_SIZEOF_UNSIGNED_SHORT.c.o  -o cmTC_9ca2c 
make[1]: Leaving directory '/home/ihier/proj/c/jaeger-client-c/build/CMakeFiles/CMakeTmp'


Determining if the system is big endian passed with the following output:
Change Dir: /home/ihier/proj/c/jaeger-client-c/build/CMakeFiles/CMakeTmp

Run Build Command:"/usr/bin/make" "cmTC_901e5/fast"
/usr/bin/make -f CMakeFiles/cmTC_901e5.dir/build.make CMakeFiles/cmTC_901e5.dir/build
make[1]: Entering directory '/home/ihier/proj/c/jaeger-client-c/build/CMakeFiles/CMakeTmp'
Building C object CMakeFiles/cmTC_901e5.dir/TestEndianess.c.o
/usr/bin/cc   -fPIE   -std=gnu99 -o CMakeFiles/cmTC_901e5.dir/TestEndianess.c.o   -c /home/ihier/proj/c/jaeger-client-c/build/CMakeFiles/CMakeTmp/TestEndianess.c
Linking C executable cmTC_901e5
/usr/bin/cmake -E cmake_link_script CMakeFiles/cmTC_901e5.dir/link.txt --verbose=1
/usr/bin/cc      CMakeFiles/cmTC_901e5.dir/TestEndianess.c.o  -o cmTC_901e5 
make[1]: Leaving directory '/home/ihier/proj/c/jaeger-client-c/build/CMakeFiles/CMakeTmp'

TestEndianess.c:
/* A 16 bit integer is required. */
typedef unsigned short cmakeint16;

/* On a little endian machine, these 16bit ints will give "THIS IS LITTLE ENDIAN."
   On a big endian machine the characters will be exchanged pairwise. */
const cmakeint16 info_little[] =  {0x4854, 0x5349, 0x4920, 0x2053, 0x494c, 0x5454, 0x454c, 0x4520, 0x444e, 0x4149, 0x2e4e, 0x0000};

/* on a big endian machine, these 16bit ints will give "THIS IS BIG ENDIAN."
   On a little endian machine the characters will be exchanged pairwise. */
const cmakeint16 info_big[] =     {0x5448, 0x4953, 0x2049, 0x5320, 0x4249, 0x4720, 0x454e, 0x4449, 0x414e, 0x2e2e, 0x0000};

#ifdef __CLASSIC_C__
int main(argc, argv) int argc; char *argv[];
#else
int main(int argc, char *argv[])
#endif
{
  int require = 0;
  require += info_little[argc];
  require += info_big[argc];
  (void)argv;
  return require;
}


Determining if the be64toh exist passed with the following output:
Change Dir: /home/ihier/proj/c/jaeger-client-c/build/CMakeFiles/CMakeTmp

Run Build Command:"/usr/bin/make" "cmTC_22a08/fast"
/usr/bin/make -f CMakeFiles/cmTC_22a08.dir/build.make CMakeFiles/cmTC_22a08.dir/build
make[1]: Entering directory '/home/ihier/proj/c/jaeger-client-c/build/CMakeFiles/CMakeTmp'
Building C object CMakeFiles/cmTC_22a08.dir/CheckSymbolExists.c.o
/usr/bin/cc   -fPIE   -std=gnu99 -o CMakeFiles/cmTC_22a08.dir/CheckSymbolExists.c.o   -c /home/ihier/proj/c/jaeger-client-c/build/CMakeFiles/CMakeTmp/CheckSymbolExists.c
Linking C executable cmTC_22a08
/usr/bin/cmake -E cmake_link_script CMakeFiles/cmTC_22a08.dir/link.txt --verbose=1
/usr/bin/cc      CMakeFiles/cmTC_22a08.dir/CheckSymbolExists.c.o  -o cmTC_22a08 
make[1]: Leaving directory '/home/ihier/proj/c/jaeger-client-c/build/CMakeFiles/CMakeTmp'

File /home/ihier/proj/c/jaeger-client-c/build/CMakeFiles/CMakeTmp/CheckSymbolExists.c:
/* */
#include <endian.h>

int main(int argc, char** argv)
{
  (void)argv;
#ifndef be64toh
  return ((int*)(&be64toh))[argc];
#else
  (void)argc;
  return 0;
#endif
}

